# JRE version: OpenJDK Runtime Environment (21.0.11+10) (build 21.0.11+10-1-deb13u2-Debian)
# Java VM: OpenJDK 64-Bit Server VM (21.0.11+10-1-deb13u2-Debian, mixed mode, sharing, tiered, compressed oops, compressed class ptrs, g1 gc, linux-amd64)
GC Precious Log:
 CardTable entry size: 512
 Card Set container configuration: InlinePtr #cards 4 size 8 Array Of Cards #cards 16 size 48 Howl #buckets 8 coarsen threshold 3686 Howl Bitmap #cards 512 size 80 coarsen threshold 460 Card regions per heap region 1 cards per card region 4096
 CPUs: 8 total, 8 available
 Memory: 15655M
 Large Page Support: Disabled
 NUMA Support: Disabled
 Compressed Oops: Enabled (Zero based)
 Heap Region Size: 2M
 Heap Min Capacity: 8M
 Heap Initial Capacity: 246M
 Heap Max Capacity: 3914M
 Pre-touch: Disabled
 Parallel Workers: 8
 Concurrent Workers: 2
 Concurrent Refinement Workers: 8
 Periodic GC: Disabled
Heap:
 garbage-first heap   total 61440K, used 31206K [0x000000070b600000, 0x0000000800000000)
  region size 2048K, 9 young (18432K), 1 survivors (2048K)
 Metaspace       used 40159K, committed 40640K, reserved 1114112K
  class space    used 5282K, committed 5504K, reserved 1048576K
GC Heap History (20 events):
Event: 0.219 GC heap before
{Heap before GC invocations=0 (full 0):
 garbage-first heap   total 253952K, used 23601K [0x000000070b600000, 0x0000000800000000)
  region size 2048K, 11 young (22528K), 0 survivors (0K)
 Metaspace       used 1767K, committed 1984K, reserved 1114112K
  class space    used 182K, committed 320K, reserved 1048576K
}
Event: 0.221 GC heap after
{Heap after GC invocations=1 (full 0):
 garbage-first heap   total 253952K, used 2811K [0x000000070b600000, 0x0000000800000000)
  region size 2048K, 1 young (2048K), 1 survivors (2048K)
 Metaspace       used 1767K, committed 1984K, reserved 1114112K
  class space    used 182K, committed 320K, reserved 1048576K
}
Event: 0.630 GC heap before
{Heap before GC invocations=1 (full 0):
 garbage-first heap   total 253952K, used 76539K [0x000000070b600000, 0x0000000800000000)
  region size 2048K, 37 young (75776K), 1 survivors (2048K)
 Metaspace       used 8550K, committed 8896K, reserved 1114112K
  class space    used 1045K, committed 1216K, reserved 1048576K
}
Event: 0.633 GC heap after
{Heap after GC invocations=2 (full 0):
 garbage-first heap   total 253952K, used 5485K [0x000000070b600000, 0x0000000800000000)
  region size 2048K, 3 young (6144K), 3 survivors (6144K)
 Metaspace       used 8550K, committed 8896K, reserved 1114112K
  class space    used 1045K, committed 1216K, reserved 1048576K
}
Event: 1.175 GC heap before
{Heap before GC invocations=2 (full 0):
 garbage-first heap   total 253952K, used 148845K [0x000000070b600000, 0x0000000800000000)
  region size 2048K, 73 young (149504K), 3 survivors (6144K)
 Metaspace       used 20880K, committed 21248K, reserved 1114112K
  class space    used 2578K, committed 2752K, reserved 1048576K
}
Event: 1.181 GC heap after
{Heap after GC invocations=3 (full 0):
 garbage-first heap   total 253952K, used 10688K [0x000000070b600000, 0x0000000800000000)
  region size 2048K, 5 young (10240K), 5 survivors (10240K)
 Metaspace       used 20880K, committed 21248K, reserved 1114112K
  class space    used 2578K, committed 2752K, reserved 1048576K
}
Event: 1.204 GC heap before
{Heap before GC invocations=3 (full 0):
 garbage-first heap   total 253952K, used 16832K [0x000000070b600000, 0x0000000800000000)
  region size 2048K, 9 young (18432K), 5 survivors (10240K)
 Metaspace       used 21139K, committed 21504K, reserved 1114112K
  class space    used 2610K, committed 2816K, reserved 1048576K
}
Event: 1.207 GC heap after
{Heap after GC invocations=4 (full 0):
 garbage-first heap   total 253952K, used 10727K [0x000000070b600000, 0x0000000800000000)
  region size 2048K, 5 young (10240K), 5 survivors (10240K)
 Metaspace       used 21139K, committed 21504K, reserved 1114112K
  class space    used 2610K, committed 2816K, reserved 1048576K
}
Event: 1.345 GC heap before
{Heap before GC invocations=5 (full 0):
 garbage-first heap   total 40960K, used 39399K [0x000000070b600000, 0x0000000800000000)
  region size 2048K, 19 young (38912K), 5 survivors (10240K)
 Metaspace       used 22927K, committed 23360K, reserved 1114112K
  class space    used 2867K, committed 3072K, reserved 1048576K
}
Event: 1.352 GC heap after
{Heap after GC invocations=6 (full 0):
 garbage-first heap   total 53248K, used 11872K [0x000000070b600000, 0x0000000800000000)
  region size 2048K, 6 young (12288K), 6 survivors (12288K)
 Metaspace       used 22927K, committed 23360K, reserved 1114112K
  class space    used 2867K, committed 3072K, reserved 1048576K
}
Event: 1.438 GC heap before
{Heap before GC invocations=6 (full 0):
 garbage-first heap   total 53248K, used 30304K [0x000000070b600000, 0x0000000800000000)
  region size 2048K, 15 young (30720K), 6 survivors (12288K)
 Metaspace       used 23695K, committed 24128K, reserved 1114112K
  class space    used 2970K, committed 3136K, reserved 1048576K
}
Event: 1.446 GC heap after
{Heap after GC invocations=7 (full 0):
 garbage-first heap   total 53248K, used 12046K [0x000000070b600000, 0x0000000800000000)
  region size 2048K, 1 young (2048K), 1 survivors (2048K)
 Metaspace       used 23695K, committed 24128K, reserved 1114112K
  class space    used 2970K, committed 3136K, reserved 1048576K
}
Event: 1.561 GC heap before
{Heap before GC invocations=7 (full 0):
 garbage-first heap   total 53248K, used 40718K [0x000000070b600000, 0x0000000800000000)
  region size 2048K, 15 young (30720K), 1 survivors (2048K)
 Metaspace       used 25842K, committed 26304K, reserved 1114112K
  class space    used 3270K, committed 3456K, reserved 1048576K
}
Event: 1.564 GC heap after
{Heap after GC invocations=8 (full 0):
 garbage-first heap   total 153600K, used 13093K [0x000000070b600000, 0x0000000800000000)
  region size 2048K, 2 young (4096K), 2 survivors (4096K)
 Metaspace       used 25842K, committed 26304K, reserved 1114112K
  class space    used 3270K, committed 3456K, reserved 1048576K
}
Event: 2.043 GC heap before
{Heap before GC invocations=8 (full 0):
 garbage-first heap   total 153600K, used 101157K [0x000000070b600000, 0x0000000800000000)
  region size 2048K, 45 young (92160K), 2 survivors (4096K)
 Metaspace       used 34706K, committed 35200K, reserved 1114112K
  class space    used 4501K, committed 4736K, reserved 1048576K
}
Event: 2.048 GC heap after
{Heap after GC invocations=9 (full 0):
 garbage-first heap   total 153600K, used 16142K [0x000000070b600000, 0x0000000800000000)
  region size 2048K, 3 young (6144K), 3 survivors (6144K)
 Metaspace       used 34706K, committed 35200K, reserved 1114112K
  class space    used 4501K, committed 4736K, reserved 1048576K
}
Event: 2.080 GC heap before
{Heap before GC invocations=9 (full 0):
 garbage-first heap   total 153600K, used 22286K [0x000000070b600000, 0x0000000800000000)
  region size 2048K, 7 young (14336K), 3 survivors (6144K)
 Metaspace       used 35556K, committed 36096K, reserved 1114112K
  class space    used 4628K, committed 4864K, reserved 1048576K
}
Event: 2.083 GC heap after
{Heap after GC invocations=10 (full 0):
 garbage-first heap   total 153600K, used 16265K [0x000000070b600000, 0x0000000800000000)
  region size 2048K, 4 young (8192K), 4 survivors (8192K)
 Metaspace       used 35556K, committed 36096K, reserved 1114112K
  class space    used 4628K, committed 4864K, reserved 1048576K
}
Event: 2.197 GC heap before
{Heap before GC invocations=11 (full 0):
 garbage-first heap   total 61440K, used 44937K [0x000000070b600000, 0x0000000800000000)
  region size 2048K, 18 young (36864K), 4 survivors (8192K)
 Metaspace       used 37843K, committed 38400K, reserved 1114112K
  class space    used 5049K, committed 5312K, reserved 1048576K
}
Event: 2.200 GC heap after
{Heap after GC invocations=12 (full 0):
 garbage-first heap   total 61440K, used 16870K [0x000000070b600000, 0x0000000800000000)
  region size 2048K, 1 young (2048K), 1 survivors (2048K)
 Metaspace       used 37843K, committed 38400K, reserved 1114112K
  class space    used 5049K, committed 5312K, reserved 1048576K
}

