# JRE version: OpenJDK Runtime Environment (21.0.11+10) (build 21.0.11+10-1-deb13u2-Debian)
# Java VM: OpenJDK 64-Bit Server VM (21.0.11+10-1-deb13u2-Debian, mixed mode, sharing, tiered, compressed oops, compressed class ptrs, g1 gc, linux-amd64)
GC Precious Log:
 CardTable entry size: 512
 Card Set container configuration: InlinePtr #cards 4 size 8 Array Of Cards #cards 16 size 48 Howl #buckets 8 coarsen threshold 3686 Howl Bitmap #cards 512 size 80 coarsen threshold 460 Card regions per heap region 1 cards per card region 4096
 CPUs: 8 total, 8 available
 Memory: 15655M
 Large Page Support: Disabled
 NUMA Support: Disabled
 Compressed Oops: Enabled (Zero based)
 Heap Region Size: 2M
 Heap Min Capacity: 8M
 Heap Initial Capacity: 246M
 Heap Max Capacity: 3914M
 Pre-touch: Disabled
 Parallel Workers: 8
 Concurrent Workers: 2
 Concurrent Refinement Workers: 8
 Periodic GC: Disabled
Heap:
 garbage-first heap   total 98304K, used 73464K [0x000000070b600000, 0x0000000800000000)
  region size 2048K, 25 young (51200K), 3 survivors (6144K)
 Metaspace       used 80580K, committed 81280K, reserved 1179648K
  class space    used 10955K, committed 11264K, reserved 1048576K
GC Heap History (20 events):
Event: 1.912 GC heap before
{Heap before GC invocations=8 (full 0):
 garbage-first heap   total 53248K, used 39366K [0x000000070b600000, 0x0000000800000000)
  region size 2048K, 15 young (30720K), 2 survivors (4096K)
 Metaspace       used 29271K, committed 29760K, reserved 1114112K
  class space    used 3709K, committed 3904K, reserved 1048576K
}
Event: 1.916 GC heap after
{Heap after GC invocations=9 (full 0):
 garbage-first heap   total 153600K, used 14575K [0x000000070b600000, 0x0000000800000000)
  region size 2048K, 2 young (4096K), 2 survivors (4096K)
 Metaspace       used 29271K, committed 29760K, reserved 1114112K
  class space    used 3709K, committed 3904K, reserved 1048576K
}
Event: 2.321 GC heap before
{Heap before GC invocations=9 (full 0):
 garbage-first heap   total 153600K, used 84207K [0x000000070b600000, 0x0000000800000000)
  region size 2048K, 37 young (75776K), 2 survivors (4096K)
 Metaspace       used 35466K, committed 35968K, reserved 1114112K
  class space    used 4611K, committed 4864K, reserved 1048576K
}
Event: 2.325 GC heap after
{Heap after GC invocations=10 (full 0):
 garbage-first heap   total 153600K, used 16526K [0x000000070b600000, 0x0000000800000000)
  region size 2048K, 3 young (6144K), 3 survivors (6144K)
 Metaspace       used 35466K, committed 35968K, reserved 1114112K
  class space    used 4611K, committed 4864K, reserved 1048576K
}
Event: 2.466 GC heap before
{Heap before GC invocations=11 (full 0):
 garbage-first heap   total 61440K, used 47246K [0x000000070b600000, 0x0000000800000000)
  region size 2048K, 18 young (36864K), 3 survivors (6144K)
 Metaspace       used 38196K, committed 38784K, reserved 1114112K
  class space    used 5071K, committed 5312K, reserved 1048576K
}
Event: 2.469 GC heap after
{Heap after GC invocations=12 (full 0):
 garbage-first heap   total 61440K, used 17099K [0x000000070b600000, 0x0000000800000000)
  region size 2048K, 2 young (4096K), 2 survivors (4096K)
 Metaspace       used 38196K, committed 38784K, reserved 1114112K
  class space    used 5071K, committed 5312K, reserved 1048576K
}
Event: 2.612 GC heap before
{Heap before GC invocations=12 (full 0):
 garbage-first heap   total 61440K, used 47819K [0x000000070b600000, 0x0000000800000000)
  region size 2048K, 18 young (36864K), 2 survivors (4096K)
 Metaspace       used 42155K, committed 42752K, reserved 1114112K
  class space    used 5524K, committed 5760K, reserved 1048576K
}
Event: 2.614 GC heap after
{Heap after GC invocations=13 (full 0):
 garbage-first heap   total 61440K, used 17976K [0x000000070b600000, 0x0000000800000000)
  region size 2048K, 2 young (4096K), 2 survivors (4096K)
 Metaspace       used 42155K, committed 42752K, reserved 1114112K
  class space    used 5524K, committed 5760K, reserved 1048576K
}
Event: 2.774 GC heap before
{Heap before GC invocations=13 (full 0):
 garbage-first heap   total 61440K, used 50744K [0x000000070b600000, 0x0000000800000000)
  region size 2048K, 18 young (36864K), 2 survivors (4096K)
 Metaspace       used 45917K, committed 46464K, reserved 1114112K
  class space    used 6035K, committed 6272K, reserved 1048576K
}
Event: 2.776 GC heap after
{Heap after GC invocations=14 (full 0):
 garbage-first heap   total 61440K, used 18875K [0x000000070b600000, 0x0000000800000000)
  region size 2048K, 2 young (4096K), 2 survivors (4096K)
 Metaspace       used 45917K, committed 46464K, reserved 1114112K
  class space    used 6035K, committed 6272K, reserved 1048576K
}
Event: 2.943 GC heap before
{Heap before GC invocations=14 (full 0):
 garbage-first heap   total 61440K, used 51643K [0x000000070b600000, 0x0000000800000000)
  region size 2048K, 18 young (36864K), 2 survivors (4096K)
 Metaspace       used 48996K, committed 49600K, reserved 1114112K
  class space    used 6392K, committed 6656K, reserved 1048576K
}
Event: 2.945 GC heap after
{Heap after GC invocations=15 (full 0):
 garbage-first heap   total 157696K, used 19464K [0x000000070b600000, 0x0000000800000000)
  region size 2048K, 2 young (4096K), 2 survivors (4096K)
 Metaspace       used 48996K, committed 49600K, reserved 1114112K
  class space    used 6392K, committed 6656K, reserved 1048576K
}
Event: 3.375 GC heap before
{Heap before GC invocations=15 (full 0):
 garbage-first heap   total 157696K, used 107528K [0x000000070b600000, 0x0000000800000000)
  region size 2048K, 45 young (92160K), 2 survivors (4096K)
 Metaspace       used 59743K, committed 60416K, reserved 1114112K
  class space    used 8054K, committed 8384K, reserved 1048576K
}
Event: 3.381 GC heap after
{Heap after GC invocations=16 (full 0):
 garbage-first heap   total 157696K, used 23717K [0x000000070b600000, 0x0000000800000000)
  region size 2048K, 3 young (6144K), 3 survivors (6144K)
 Metaspace       used 59743K, committed 60416K, reserved 1114112K
  class space    used 8054K, committed 8384K, reserved 1048576K
}
Event: 3.760 GC heap before
{Heap before GC invocations=17 (full 0):
 garbage-first heap   total 81920K, used 66725K [0x000000070b600000, 0x0000000800000000)
  region size 2048K, 24 young (49152K), 3 survivors (6144K)
 Metaspace       used 63782K, committed 64512K, reserved 1114112K
  class space    used 8623K, committed 8960K, reserved 1048576K
}
Event: 3.763 GC heap after
{Heap after GC invocations=18 (full 0):
 garbage-first heap   total 81920K, used 25773K [0x000000070b600000, 0x0000000800000000)
  region size 2048K, 3 young (6144K), 3 survivors (6144K)
 Metaspace       used 63782K, committed 64512K, reserved 1114112K
  class space    used 8623K, committed 8960K, reserved 1048576K
}
Event: 3.989 GC heap before
{Heap before GC invocations=18 (full 0):
 garbage-first heap   total 81920K, used 68781K [0x000000070b600000, 0x0000000800000000)
  region size 2048K, 24 young (49152K), 3 survivors (6144K)
 Metaspace       used 68496K, committed 69120K, reserved 1114112K
  class space    used 9440K, committed 9728K, reserved 1048576K
}
Event: 3.992 GC heap after
{Heap after GC invocations=19 (full 0):
 garbage-first heap   total 81920K, used 26831K [0x000000070b600000, 0x0000000800000000)
  region size 2048K, 2 young (4096K), 2 survivors (4096K)
 Metaspace       used 68496K, committed 69120K, reserved 1114112K
  class space    used 9440K, committed 9728K, reserved 1048576K
}
Event: 5.403 GC heap before
{Heap before GC invocations=19 (full 0):
 garbage-first heap   total 81920K, used 71887K [0x000000070b600000, 0x0000000800000000)
  region size 2048K, 24 young (49152K), 2 survivors (4096K)
 Metaspace       used 77054K, committed 77760K, reserved 1179648K
  class space    used 10452K, committed 10752K, reserved 1048576K
}
Event: 5.406 GC heap after
{Heap after GC invocations=20 (full 0):
 garbage-first heap   total 98304K, used 30456K [0x000000070b600000, 0x0000000800000000)
  region size 2048K, 3 young (6144K), 3 survivors (6144K)
 Metaspace       used 77054K, committed 77760K, reserved 1179648K
  class space    used 10452K, committed 10752K, reserved 1048576K
}

